<?xml version="1.0" encoding="UTF-8"?>
<!-- Generated by org.testng.reporters.JUnitXMLReporter -->
<testsuite hostname="DESKTOP-4U5KJL5" ignored="0" name="Default test" tests="5" failures="0" timestamp="04 Jul 2018 07:51:31 GMT" time="11.895" errors="0">
  <testcase name="test1Ranking" time="5.574" classname="com.olympicMedals.OlympicMedals2016"/>
  <testcase name="test2TheMost" time="0.002" classname="com.olympicMedals.OlympicMedals2016"/>
  <testcase name="test3CountryByMedal" time="0.001" classname="com.olympicMedals.OlympicMedals2016"/>
  <testcase name="test4GetIndex" time="0.0" classname="com.olympicMedals.OlympicMedals2016"/>
  <testcase name="test5sumOfBronze18" time="0.002" classname="com.olympicMedals.OlympicMedals2016"/>
</testsuite> <!-- Default test -->
